c:\users\admınıstrator\desktop\odev3\odev3\odev3\debug\vc142.pdb
c:\users\admınıstrator\desktop\odev3\odev3\odev3\debug\vc142.ıdb
c:\users\admınıstrator\desktop\odev3\odev3\odev3\debug\odev3.obj
c:\users\admınıstrator\desktop\odev3\odev3\odev3\debug\tree.obj
c:\users\admınıstrator\desktop\odev3\odev3\odev3\debug\proje.obj
c:\users\admınıstrator\desktop\odev3\odev3\odev3\debug\project.obj
c:\users\admınıstrator\desktop\odev3\odev3\debug\odev3.exe
c:\users\admınıstrator\desktop\odev3\odev3\debug\odev3.ılk
c:\users\admınıstrator\desktop\odev3\odev3\debug\odev3.pdb
c:\users\administrator\desktop\odev3\odev3\odev3\debug\odev3.obj
c:\users\administrator\desktop\odev3\odev3\odev3\debug\proje.obj
c:\users\administrator\desktop\odev3\odev3\odev3\debug\project.obj
c:\users\administrator\desktop\odev3\odev3\odev3\debug\tree.obj
c:\users\administrator\desktop\odev3\odev3\odev3\debug\vc142.idb
c:\users\administrator\desktop\odev3\odev3\odev3\debug\vc142.pdb
c:\users\administrator\desktop\odev3\odev3\debug\odev3.pdb
c:\users\administrator\desktop\odev3\odev3\debug\odev3.exe
c:\users\administrator\desktop\odev3\odev3\debug\odev3.ilk
c:\users\administrator\desktop\odev3\odev3\odev3\debug\odev3.tlog\cl.command.1.tlog
c:\users\administrator\desktop\odev3\odev3\odev3\debug\odev3.tlog\cl.read.1.tlog
c:\users\administrator\desktop\odev3\odev3\odev3\debug\odev3.tlog\cl.write.1.tlog
c:\users\administrator\desktop\odev3\odev3\odev3\debug\odev3.tlog\link.command.1.tlog
c:\users\administrator\desktop\odev3\odev3\odev3\debug\odev3.tlog\link.read.1.tlog
c:\users\administrator\desktop\odev3\odev3\odev3\debug\odev3.tlog\link.write.1.tlog
